<?xml version="1.0" encoding="UTF-8"?>
<testng-results skipped="0" failed="0" ignored="0" total="1" passed="1">
  <reporter-output>
  </reporter-output>
  <suite name="Default suite" duration-ms="12547" started-at="2020-05-22T18:52:21Z" finished-at="2020-05-22T18:52:33Z">
    <groups>
    </groups>
    <test name="Default test" duration-ms="12547" started-at="2020-05-22T18:52:21Z" finished-at="2020-05-22T18:52:33Z">
      <class name="com.Conceptunderstanding.ExtendReport.ExtentDemo">
        <test-method status="PASS" signature="config()[pri:0, instance:com.Conceptunderstanding.ExtendReport.ExtentDemo@3d299e3]" name="config" is-config="true" duration-ms="379" started-at="2020-05-23T00:22:21Z" finished-at="2020-05-23T00:22:21Z">
          <reporter-output>
          </reporter-output>
        </test-method> <!-- config -->
        <test-method status="PASS" signature="captureScreenshot()[pri:0, instance:com.Conceptunderstanding.ExtendReport.ExtentDemo@3d299e3]" name="captureScreenshot" duration-ms="9355" started-at="2020-05-23T00:22:21Z" finished-at="2020-05-23T00:22:30Z">
          <reporter-output>
          </reporter-output>
        </test-method> <!-- captureScreenshot -->
        <test-method status="PASS" signature="getResult(org.testng.ITestResult)[pri:0, instance:com.Conceptunderstanding.ExtendReport.ExtentDemo@3d299e3]" name="getResult" is-config="true" duration-ms="1700" started-at="2020-05-23T00:22:30Z" finished-at="2020-05-23T00:22:32Z">
          <params>
            <param index="0">
              <value>
                <![CDATA[[TestResult name=captureScreenshot status=SUCCESS method=ExtentDemo.captureScreenshot()[pri:0, instance:com.Conceptunderstanding.ExtendReport.ExtentDemo@3d299e3] output={null}]]]>
              </value>
            </param>
          </params>
          <reporter-output>
          </reporter-output>
        </test-method> <!-- getResult -->
        <test-method status="PASS" signature="endReport()[pri:0, instance:com.Conceptunderstanding.ExtendReport.ExtentDemo@3d299e3]" name="endReport" is-config="true" duration-ms="1066" started-at="2020-05-23T00:22:32Z" finished-at="2020-05-23T00:22:33Z">
          <reporter-output>
          </reporter-output>
        </test-method> <!-- endReport -->
      </class> <!-- com.Conceptunderstanding.ExtendReport.ExtentDemo -->
    </test> <!-- Default test -->
  </suite> <!-- Default suite -->
</testng-results>
