<?xml version="1.0" encoding="UTF-8"?>
<testng-results skipped="0" failed="1" ignored="0" total="1" passed="0">
  <reporter-output>
  </reporter-output>
  <suite name="Default suite" duration-ms="64912" started-at="2020-05-12T12:11:08Z" finished-at="2020-05-12T12:12:13Z">
    <groups>
    </groups>
    <test name="Default test" duration-ms="64912" started-at="2020-05-12T12:11:08Z" finished-at="2020-05-12T12:12:13Z">
      <class name="com.Conceptunderstanding.youtube.CommentONVideo">
        <test-method status="PASS" signature="browserlaunch()[pri:0, instance:com.Conceptunderstanding.youtube.CommentONVideo@258e2e41]" name="browserlaunch" is-config="true" duration-ms="32707" started-at="2020-05-12T17:41:08Z" finished-at="2020-05-12T17:41:41Z">
          <reporter-output>
          </reporter-output>
        </test-method> <!-- browserlaunch -->
        <test-method status="FAIL" signature="Login()[pri:0, instance:com.Conceptunderstanding.youtube.CommentONVideo@258e2e41]" name="Login" duration-ms="32010" started-at="2020-05-12T17:41:41Z" finished-at="2020-05-12T17:42:13Z">
          <exception class="org.openqa.selenium.NoSuchElementException">
            <message>
              <![CDATA[no such element: Unable to locate element: {"method":"xpath","selector":"//body/ytd-app/div[@id='content']/app-drawer[@id='guide']/div[@id='contentContainer']/div[@id='guide-wrapper']/div[@id='guide-content']/div[@id='guide-inner-content']/ytd-guide-renderer[@id='guide-renderer']/div[@id='sections']/ytd-guide-section-renderer[1]/div[1]/ytd-guide-entry-renderer[3]/a[1]"}
  (Session info: chrome=81.0.4044.138)
For documentation on this error, please visit: http://seleniumhq.org/exceptions/no_such_element.html
Build info: version: '3.14.0', revision: 'aacccce0', time: '2018-08-02T20:19:58.91Z'
System info: host: 'SUMIT', ip: '192.168.43.43', os.name: 'Windows 10', os.arch: 'amd64', os.version: '10.0', java.version: '1.8.0_251'
Driver info: org.openqa.selenium.chrome.ChromeDriver
Capabilities {acceptInsecureCerts: false, browserName: chrome, browserVersion: 81.0.4044.138, chrome: {chromedriverVersion: 80.0.3987.106 (f68069574609..., userDataDir: C:\Users\NEELAM~1\AppData\L...}, goog:chromeOptions: {debuggerAddress: localhost:51560}, javascriptEnabled: true, networkConnectionEnabled: false, pageLoadStrategy: normal, platform: WINDOWS, platformName: WINDOWS, proxy: Proxy(), setWindowRect: true, strictFileInteractability: false, timeouts: {implicit: 0, pageLoad: 300000, script: 30000}, unhandledPromptBehavior: dismiss and notify}
Session ID: d09a689caed71eb5a4aefefa8b4d9541
*** Element info: {Using=xpath, value=//body/ytd-app/div[@id='content']/app-drawer[@id='guide']/div[@id='contentContainer']/div[@id='guide-wrapper']/div[@id='guide-content']/div[@id='guide-inner-content']/ytd-guide-renderer[@id='guide-renderer']/div[@id='sections']/ytd-guide-section-renderer[1]/div[1]/ytd-guide-entry-renderer[3]/a[1]}]]>
            </message>
            <full-stacktrace>
              <![CDATA[org.openqa.selenium.NoSuchElementException: no such element: Unable to locate element: {"method":"xpath","selector":"//body/ytd-app/div[@id='content']/app-drawer[@id='guide']/div[@id='contentContainer']/div[@id='guide-wrapper']/div[@id='guide-content']/div[@id='guide-inner-content']/ytd-guide-renderer[@id='guide-renderer']/div[@id='sections']/ytd-guide-section-renderer[1]/div[1]/ytd-guide-entry-renderer[3]/a[1]"}
  (Session info: chrome=81.0.4044.138)
For documentation on this error, please visit: http://seleniumhq.org/exceptions/no_such_element.html
Build info: version: '3.14.0', revision: 'aacccce0', time: '2018-08-02T20:19:58.91Z'
System info: host: 'SUMIT', ip: '192.168.43.43', os.name: 'Windows 10', os.arch: 'amd64', os.version: '10.0', java.version: '1.8.0_251'
Driver info: org.openqa.selenium.chrome.ChromeDriver
Capabilities {acceptInsecureCerts: false, browserName: chrome, browserVersion: 81.0.4044.138, chrome: {chromedriverVersion: 80.0.3987.106 (f68069574609..., userDataDir: C:\Users\NEELAM~1\AppData\L...}, goog:chromeOptions: {debuggerAddress: localhost:51560}, javascriptEnabled: true, networkConnectionEnabled: false, pageLoadStrategy: normal, platform: WINDOWS, platformName: WINDOWS, proxy: Proxy(), setWindowRect: true, strictFileInteractability: false, timeouts: {implicit: 0, pageLoad: 300000, script: 30000}, unhandledPromptBehavior: dismiss and notify}
Session ID: d09a689caed71eb5a4aefefa8b4d9541
*** Element info: {Using=xpath, value=//body/ytd-app/div[@id='content']/app-drawer[@id='guide']/div[@id='contentContainer']/div[@id='guide-wrapper']/div[@id='guide-content']/div[@id='guide-inner-content']/ytd-guide-renderer[@id='guide-renderer']/div[@id='sections']/ytd-guide-section-renderer[1]/div[1]/ytd-guide-entry-renderer[3]/a[1]}
	at sun.reflect.NativeConstructorAccessorImpl.newInstance0(Native Method)
	at sun.reflect.NativeConstructorAccessorImpl.newInstance(Unknown Source)
	at sun.reflect.DelegatingConstructorAccessorImpl.newInstance(Unknown Source)
	at java.lang.reflect.Constructor.newInstance(Unknown Source)
	at org.openqa.selenium.remote.http.W3CHttpResponseCodec.createException(W3CHttpResponseCodec.java:187)
	at org.openqa.selenium.remote.http.W3CHttpResponseCodec.decode(W3CHttpResponseCodec.java:122)
	at org.openqa.selenium.remote.http.W3CHttpResponseCodec.decode(W3CHttpResponseCodec.java:49)
	at org.openqa.selenium.remote.HttpCommandExecutor.execute(HttpCommandExecutor.java:158)
	at org.openqa.selenium.remote.service.DriverCommandExecutor.execute(DriverCommandExecutor.java:83)
	at org.openqa.selenium.remote.RemoteWebDriver.execute(RemoteWebDriver.java:548)
	at org.openqa.selenium.remote.RemoteWebDriver.findElement(RemoteWebDriver.java:322)
	at org.openqa.selenium.remote.RemoteWebDriver.findElementByXPath(RemoteWebDriver.java:424)
	at com.Conceptunderstanding.youtube.CommentONVideo.Login(CommentONVideo.java:66)
	at sun.reflect.NativeMethodAccessorImpl.invoke0(Native Method)
	at sun.reflect.NativeMethodAccessorImpl.invoke(Unknown Source)
	at sun.reflect.DelegatingMethodAccessorImpl.invoke(Unknown Source)
	at java.lang.reflect.Method.invoke(Unknown Source)
	at org.testng.internal.MethodInvocationHelper.invokeMethod(MethodInvocationHelper.java:108)
	at org.testng.internal.Invoker.invokeMethod(Invoker.java:661)
	at org.testng.internal.Invoker.invokeTestMethod(Invoker.java:869)
	at org.testng.internal.Invoker.invokeTestMethods(Invoker.java:1193)
	at org.testng.internal.TestMethodWorker.invokeTestMethods(TestMethodWorker.java:126)
	at org.testng.internal.TestMethodWorker.run(TestMethodWorker.java:109)
	at org.testng.TestRunner.privateRun(TestRunner.java:744)
	at org.testng.TestRunner.run(TestRunner.java:602)
	at org.testng.SuiteRunner.runTest(SuiteRunner.java:380)
	at org.testng.SuiteRunner.runSequentially(SuiteRunner.java:375)
	at org.testng.SuiteRunner.privateRun(SuiteRunner.java:340)
	at org.testng.SuiteRunner.run(SuiteRunner.java:289)
	at org.testng.SuiteRunnerWorker.runSuite(SuiteRunnerWorker.java:52)
	at org.testng.SuiteRunnerWorker.run(SuiteRunnerWorker.java:86)
	at org.testng.TestNG.runSuitesSequentially(TestNG.java:1301)
	at org.testng.TestNG.runSuitesLocally(TestNG.java:1226)
	at org.testng.TestNG.runSuites(TestNG.java:1144)
	at org.testng.TestNG.run(TestNG.java:1115)
	at org.testng.remote.AbstractRemoteTestNG.run(AbstractRemoteTestNG.java:115)
	at org.testng.remote.RemoteTestNG.initAndRun(RemoteTestNG.java:251)
	at org.testng.remote.RemoteTestNG.main(RemoteTestNG.java:77)
]]>
            </full-stacktrace>
          </exception> <!-- org.openqa.selenium.NoSuchElementException -->
          <reporter-output>
          </reporter-output>
        </test-method> <!-- Login -->
      </class> <!-- com.Conceptunderstanding.youtube.CommentONVideo -->
    </test> <!-- Default test -->
  </suite> <!-- Default suite -->
</testng-results>
